[31-Oct-2023 06:33:24 UTC] PHP Deprecated:  Hook edit_category_form is <strong>deprecated</strong> since version 3.0.0! Use {$taxonomy}_add_form instead. in C:\xampp\htdocs\newsblog\wp-includes\functions.php on line 5828
[31-Oct-2023 06:34:38 UTC] PHP Deprecated:  Hook edit_category_form is <strong>deprecated</strong> since version 3.0.0! Use {$taxonomy}_add_form instead. in C:\xampp\htdocs\newsblog\wp-includes\functions.php on line 5828
[31-Oct-2023 08:02:30 UTC] PHP Warning:  Undefined variable $ in C:\xampp\htdocs\newsblog\wp-content\themes\newsblog\functions.php on line 344
[31-Oct-2023 08:02:30 UTC] PHP Warning:  Undefined variable $ in C:\xampp\htdocs\newsblog\wp-content\themes\newsblog\functions.php on line 345
[31-Oct-2023 08:02:36 UTC] PHP Warning:  Undefined variable $small in C:\xampp\htdocs\newsblog\wp-content\themes\newsblog\functions.php on line 344
[31-Oct-2023 08:02:36 UTC] PHP Warning:  Undefined variable $small in C:\xampp\htdocs\newsblog\wp-content\themes\newsblog\functions.php on line 345
[31-Oct-2023 08:02:45 UTC] PHP Warning:  Undefined variable $big in C:\xampp\htdocs\newsblog\wp-content\themes\newsblog\functions.php on line 344
[31-Oct-2023 08:02:45 UTC] PHP Warning:  Undefined variable $big in C:\xampp\htdocs\newsblog\wp-content\themes\newsblog\functions.php on line 345
[31-Oct-2023 08:04:31 UTC] PHP Warning:  Undefined variable $big in C:\xampp\htdocs\newsblog\wp-content\themes\newsblog\functions.php on line 344
[31-Oct-2023 08:04:31 UTC] PHP Warning:  Undefined variable $big in C:\xampp\htdocs\newsblog\wp-content\themes\newsblog\functions.php on line 345
[31-Oct-2023 08:04:35 UTC] PHP Warning:  Undefined variable $small in C:\xampp\htdocs\newsblog\wp-content\themes\newsblog\functions.php on line 344
[31-Oct-2023 08:04:35 UTC] PHP Warning:  Undefined variable $small in C:\xampp\htdocs\newsblog\wp-content\themes\newsblog\functions.php on line 345
[31-Oct-2023 08:06:45 UTC] PHP Warning:  Undefined variable $ in C:\xampp\htdocs\newsblog\wp-content\themes\newsblog\functions.php on line 344
[31-Oct-2023 08:06:45 UTC] PHP Warning:  Undefined variable $ in C:\xampp\htdocs\newsblog\wp-content\themes\newsblog\functions.php on line 345
[31-Oct-2023 08:06:49 UTC] PHP Warning:  Undefined variable $big in C:\xampp\htdocs\newsblog\wp-content\themes\newsblog\functions.php on line 344
[31-Oct-2023 08:06:49 UTC] PHP Warning:  Undefined variable $big in C:\xampp\htdocs\newsblog\wp-content\themes\newsblog\functions.php on line 345
[31-Oct-2023 08:31:42 UTC] PHP Warning:  Undefined variable $categories_option in C:\xampp\htdocs\newsblog\wp-content\themes\newsblog\archive.php on line 38
[31-Oct-2023 08:31:42 UTC] PHP Warning:  Undefined variable $categories_option in C:\xampp\htdocs\newsblog\wp-content\themes\newsblog\archive.php on line 40
[31-Oct-2023 08:32:28 UTC] PHP Warning:  Undefined variable $categories_option in C:\xampp\htdocs\newsblog\wp-content\themes\newsblog\archive.php on line 38
[31-Oct-2023 08:32:28 UTC] PHP Warning:  Undefined variable $categories_option in C:\xampp\htdocs\newsblog\wp-content\themes\newsblog\archive.php on line 40
[31-Oct-2023 08:32:55 UTC] PHP Warning:  Undefined variable $categories_option in C:\xampp\htdocs\newsblog\wp-content\themes\newsblog\archive.php on line 38
[31-Oct-2023 08:32:55 UTC] PHP Warning:  Undefined variable $categories_option in C:\xampp\htdocs\newsblog\wp-content\themes\newsblog\archive.php on line 40
[31-Oct-2023 08:33:34 UTC] PHP Warning:  Undefined variable $categories_option in C:\xampp\htdocs\newsblog\wp-content\themes\newsblog\archive.php on line 38
[31-Oct-2023 08:33:34 UTC] PHP Warning:  Undefined variable $categories_option in C:\xampp\htdocs\newsblog\wp-content\themes\newsblog\archive.php on line 40
[31-Oct-2023 08:34:22 UTC] PHP Warning:  Undefined variable $categories_option in C:\xampp\htdocs\newsblog\wp-content\themes\newsblog\archive.php on line 38
[31-Oct-2023 08:34:22 UTC] PHP Warning:  Undefined variable $categories_option in C:\xampp\htdocs\newsblog\wp-content\themes\newsblog\archive.php on line 40
[31-Oct-2023 08:34:31 UTC] PHP Warning:  Undefined variable $categories_option in C:\xampp\htdocs\newsblog\wp-content\themes\newsblog\archive.php on line 38
[31-Oct-2023 08:34:31 UTC] PHP Warning:  Undefined variable $categories_option in C:\xampp\htdocs\newsblog\wp-content\themes\newsblog\archive.php on line 40
[31-Oct-2023 08:34:46 UTC] PHP Warning:  Undefined variable $categories_option in C:\xampp\htdocs\newsblog\wp-content\themes\newsblog\archive.php on line 38
[31-Oct-2023 08:34:46 UTC] PHP Warning:  Undefined variable $categories_option in C:\xampp\htdocs\newsblog\wp-content\themes\newsblog\archive.php on line 40
[31-Oct-2023 08:35:14 UTC] PHP Warning:  Undefined variable $categories_option in C:\xampp\htdocs\newsblog\wp-content\themes\newsblog\archive.php on line 38
[31-Oct-2023 08:35:14 UTC] PHP Warning:  Undefined variable $categories_option in C:\xampp\htdocs\newsblog\wp-content\themes\newsblog\archive.php on line 40
[31-Oct-2023 09:27:21 UTC] PHP Warning:  Undefined variable $category in C:\xampp\htdocs\newsblog\wp-content\themes\newsblog\archive.php on line 37
[31-Oct-2023 09:27:21 UTC] PHP Warning:  Attempt to read property "term_id" on null in C:\xampp\htdocs\newsblog\wp-content\themes\newsblog\archive.php on line 37
[31-Oct-2023 09:27:35 UTC] PHP Warning:  Undefined variable $category in C:\xampp\htdocs\newsblog\wp-content\themes\newsblog\archive.php on line 37
[31-Oct-2023 09:27:35 UTC] PHP Warning:  Attempt to read property "term_id" on null in C:\xampp\htdocs\newsblog\wp-content\themes\newsblog\archive.php on line 37
[31-Oct-2023 10:03:38 UTC] PHP Warning:  Undefined variable $category_layout in C:\xampp\htdocs\newsblog\wp-content\themes\newsblog\archive.php on line 51
[31-Oct-2023 10:03:38 UTC] PHP Warning:  Undefined variable $category_layout in C:\xampp\htdocs\newsblog\wp-content\themes\newsblog\archive.php on line 53
[31-Oct-2023 10:03:38 UTC] PHP Warning:  Undefined variable $category_layout in C:\xampp\htdocs\newsblog\wp-content\themes\newsblog\archive.php on line 51
[31-Oct-2023 10:03:38 UTC] PHP Warning:  Undefined variable $category_layout in C:\xampp\htdocs\newsblog\wp-content\themes\newsblog\archive.php on line 53
[31-Oct-2023 10:03:38 UTC] PHP Warning:  Undefined variable $category_layout in C:\xampp\htdocs\newsblog\wp-content\themes\newsblog\archive.php on line 51
[31-Oct-2023 10:03:38 UTC] PHP Warning:  Undefined variable $category_layout in C:\xampp\htdocs\newsblog\wp-content\themes\newsblog\archive.php on line 53
[31-Oct-2023 10:03:38 UTC] PHP Warning:  Undefined variable $category_layout in C:\xampp\htdocs\newsblog\wp-content\themes\newsblog\archive.php on line 51
[31-Oct-2023 10:03:38 UTC] PHP Warning:  Undefined variable $category_layout in C:\xampp\htdocs\newsblog\wp-content\themes\newsblog\archive.php on line 53
[31-Oct-2023 10:03:42 UTC] PHP Warning:  Undefined variable $category_layout in C:\xampp\htdocs\newsblog\wp-content\themes\newsblog\archive.php on line 51
[31-Oct-2023 10:03:42 UTC] PHP Warning:  Undefined variable $category_layout in C:\xampp\htdocs\newsblog\wp-content\themes\newsblog\archive.php on line 53
[31-Oct-2023 10:03:42 UTC] PHP Warning:  Undefined variable $category_layout in C:\xampp\htdocs\newsblog\wp-content\themes\newsblog\archive.php on line 51
[31-Oct-2023 10:03:42 UTC] PHP Warning:  Undefined variable $category_layout in C:\xampp\htdocs\newsblog\wp-content\themes\newsblog\archive.php on line 53
[31-Oct-2023 10:03:42 UTC] PHP Warning:  Undefined variable $category_layout in C:\xampp\htdocs\newsblog\wp-content\themes\newsblog\archive.php on line 51
[31-Oct-2023 10:03:42 UTC] PHP Warning:  Undefined variable $category_layout in C:\xampp\htdocs\newsblog\wp-content\themes\newsblog\archive.php on line 53
[31-Oct-2023 10:03:42 UTC] PHP Warning:  Undefined variable $category_layout in C:\xampp\htdocs\newsblog\wp-content\themes\newsblog\archive.php on line 51
[31-Oct-2023 10:03:42 UTC] PHP Warning:  Undefined variable $category_layout in C:\xampp\htdocs\newsblog\wp-content\themes\newsblog\archive.php on line 53
[31-Oct-2023 10:03:45 UTC] PHP Warning:  Undefined variable $category_layout in C:\xampp\htdocs\newsblog\wp-content\themes\newsblog\archive.php on line 51
[31-Oct-2023 10:03:45 UTC] PHP Warning:  Undefined variable $category_layout in C:\xampp\htdocs\newsblog\wp-content\themes\newsblog\archive.php on line 53
[31-Oct-2023 10:03:45 UTC] PHP Warning:  Undefined variable $category_layout in C:\xampp\htdocs\newsblog\wp-content\themes\newsblog\archive.php on line 51
[31-Oct-2023 10:03:45 UTC] PHP Warning:  Undefined variable $category_layout in C:\xampp\htdocs\newsblog\wp-content\themes\newsblog\archive.php on line 53
[31-Oct-2023 10:03:45 UTC] PHP Warning:  Undefined variable $category_layout in C:\xampp\htdocs\newsblog\wp-content\themes\newsblog\archive.php on line 51
[31-Oct-2023 10:03:45 UTC] PHP Warning:  Undefined variable $category_layout in C:\xampp\htdocs\newsblog\wp-content\themes\newsblog\archive.php on line 53
[31-Oct-2023 10:04:31 UTC] PHP Warning:  Undefined variable $category_layout in C:\xampp\htdocs\newsblog\wp-content\themes\newsblog\archive.php on line 51
[31-Oct-2023 10:04:31 UTC] PHP Warning:  Undefined variable $category_layout in C:\xampp\htdocs\newsblog\wp-content\themes\newsblog\archive.php on line 53
[31-Oct-2023 10:04:31 UTC] PHP Warning:  Undefined variable $category_layout in C:\xampp\htdocs\newsblog\wp-content\themes\newsblog\archive.php on line 51
[31-Oct-2023 10:04:31 UTC] PHP Warning:  Undefined variable $category_layout in C:\xampp\htdocs\newsblog\wp-content\themes\newsblog\archive.php on line 53
[31-Oct-2023 10:04:31 UTC] PHP Warning:  Undefined variable $category_layout in C:\xampp\htdocs\newsblog\wp-content\themes\newsblog\archive.php on line 51
[31-Oct-2023 10:04:31 UTC] PHP Warning:  Undefined variable $category_layout in C:\xampp\htdocs\newsblog\wp-content\themes\newsblog\archive.php on line 53
[31-Oct-2023 10:04:31 UTC] PHP Warning:  Undefined variable $category_layout in C:\xampp\htdocs\newsblog\wp-content\themes\newsblog\archive.php on line 51
[31-Oct-2023 10:04:31 UTC] PHP Warning:  Undefined variable $category_layout in C:\xampp\htdocs\newsblog\wp-content\themes\newsblog\archive.php on line 53
[31-Oct-2023 10:04:33 UTC] PHP Warning:  Undefined variable $category_layout in C:\xampp\htdocs\newsblog\wp-content\themes\newsblog\archive.php on line 51
[31-Oct-2023 10:04:33 UTC] PHP Warning:  Undefined variable $category_layout in C:\xampp\htdocs\newsblog\wp-content\themes\newsblog\archive.php on line 53
[31-Oct-2023 10:04:33 UTC] PHP Warning:  Undefined variable $category_layout in C:\xampp\htdocs\newsblog\wp-content\themes\newsblog\archive.php on line 51
[31-Oct-2023 10:04:33 UTC] PHP Warning:  Undefined variable $category_layout in C:\xampp\htdocs\newsblog\wp-content\themes\newsblog\archive.php on line 53
[31-Oct-2023 10:04:33 UTC] PHP Warning:  Undefined variable $category_layout in C:\xampp\htdocs\newsblog\wp-content\themes\newsblog\archive.php on line 51
[31-Oct-2023 10:04:33 UTC] PHP Warning:  Undefined variable $category_layout in C:\xampp\htdocs\newsblog\wp-content\themes\newsblog\archive.php on line 53
[31-Oct-2023 10:04:33 UTC] PHP Warning:  Undefined variable $category_layout in C:\xampp\htdocs\newsblog\wp-content\themes\newsblog\archive.php on line 51
[31-Oct-2023 10:04:33 UTC] PHP Warning:  Undefined variable $category_layout in C:\xampp\htdocs\newsblog\wp-content\themes\newsblog\archive.php on line 53
[31-Oct-2023 10:16:02 UTC] PHP Warning:  Undefined variable $category_layout in C:\xampp\htdocs\newsblog\wp-content\themes\newsblog\archive.php on line 51
[31-Oct-2023 10:16:02 UTC] PHP Warning:  Undefined variable $category_layout in C:\xampp\htdocs\newsblog\wp-content\themes\newsblog\archive.php on line 53
[31-Oct-2023 10:16:02 UTC] PHP Warning:  Undefined variable $category_layout in C:\xampp\htdocs\newsblog\wp-content\themes\newsblog\archive.php on line 51
[31-Oct-2023 10:16:02 UTC] PHP Warning:  Undefined variable $category_layout in C:\xampp\htdocs\newsblog\wp-content\themes\newsblog\archive.php on line 53
[31-Oct-2023 10:16:02 UTC] PHP Warning:  Undefined variable $category_layout in C:\xampp\htdocs\newsblog\wp-content\themes\newsblog\archive.php on line 51
[31-Oct-2023 10:16:02 UTC] PHP Warning:  Undefined variable $category_layout in C:\xampp\htdocs\newsblog\wp-content\themes\newsblog\archive.php on line 53
[31-Oct-2023 10:16:02 UTC] PHP Warning:  Undefined variable $category_layout in C:\xampp\htdocs\newsblog\wp-content\themes\newsblog\archive.php on line 51
[31-Oct-2023 10:16:02 UTC] PHP Warning:  Undefined variable $category_layout in C:\xampp\htdocs\newsblog\wp-content\themes\newsblog\archive.php on line 53
[31-Oct-2023 10:16:06 UTC] PHP Warning:  Undefined variable $category_layout in C:\xampp\htdocs\newsblog\wp-content\themes\newsblog\archive.php on line 51
[31-Oct-2023 10:16:06 UTC] PHP Warning:  Undefined variable $category_layout in C:\xampp\htdocs\newsblog\wp-content\themes\newsblog\archive.php on line 53
[31-Oct-2023 10:16:06 UTC] PHP Warning:  Undefined variable $category_layout in C:\xampp\htdocs\newsblog\wp-content\themes\newsblog\archive.php on line 51
[31-Oct-2023 10:16:06 UTC] PHP Warning:  Undefined variable $category_layout in C:\xampp\htdocs\newsblog\wp-content\themes\newsblog\archive.php on line 53
[31-Oct-2023 10:16:06 UTC] PHP Warning:  Undefined variable $category_layout in C:\xampp\htdocs\newsblog\wp-content\themes\newsblog\archive.php on line 51
[31-Oct-2023 10:16:06 UTC] PHP Warning:  Undefined variable $category_layout in C:\xampp\htdocs\newsblog\wp-content\themes\newsblog\archive.php on line 53
[31-Oct-2023 10:16:06 UTC] PHP Warning:  Undefined variable $category_layout in C:\xampp\htdocs\newsblog\wp-content\themes\newsblog\archive.php on line 51
[31-Oct-2023 10:16:06 UTC] PHP Warning:  Undefined variable $category_layout in C:\xampp\htdocs\newsblog\wp-content\themes\newsblog\archive.php on line 53
[31-Oct-2023 10:16:09 UTC] PHP Warning:  Undefined variable $category_layout in C:\xampp\htdocs\newsblog\wp-content\themes\newsblog\archive.php on line 51
[31-Oct-2023 10:16:09 UTC] PHP Warning:  Undefined variable $category_layout in C:\xampp\htdocs\newsblog\wp-content\themes\newsblog\archive.php on line 53
[31-Oct-2023 10:16:09 UTC] PHP Warning:  Undefined variable $category_layout in C:\xampp\htdocs\newsblog\wp-content\themes\newsblog\archive.php on line 51
[31-Oct-2023 10:16:09 UTC] PHP Warning:  Undefined variable $category_layout in C:\xampp\htdocs\newsblog\wp-content\themes\newsblog\archive.php on line 53
[31-Oct-2023 10:16:09 UTC] PHP Warning:  Undefined variable $category_layout in C:\xampp\htdocs\newsblog\wp-content\themes\newsblog\archive.php on line 51
[31-Oct-2023 10:16:09 UTC] PHP Warning:  Undefined variable $category_layout in C:\xampp\htdocs\newsblog\wp-content\themes\newsblog\archive.php on line 53
[31-Oct-2023 10:16:11 UTC] PHP Warning:  Undefined variable $category_layout in C:\xampp\htdocs\newsblog\wp-content\themes\newsblog\archive.php on line 51
[31-Oct-2023 10:16:11 UTC] PHP Warning:  Undefined variable $category_layout in C:\xampp\htdocs\newsblog\wp-content\themes\newsblog\archive.php on line 53
[31-Oct-2023 10:16:11 UTC] PHP Warning:  Undefined variable $category_layout in C:\xampp\htdocs\newsblog\wp-content\themes\newsblog\archive.php on line 51
[31-Oct-2023 10:16:11 UTC] PHP Warning:  Undefined variable $category_layout in C:\xampp\htdocs\newsblog\wp-content\themes\newsblog\archive.php on line 53
[31-Oct-2023 10:16:11 UTC] PHP Warning:  Undefined variable $category_layout in C:\xampp\htdocs\newsblog\wp-content\themes\newsblog\archive.php on line 51
[31-Oct-2023 10:16:11 UTC] PHP Warning:  Undefined variable $category_layout in C:\xampp\htdocs\newsblog\wp-content\themes\newsblog\archive.php on line 53
[31-Oct-2023 10:16:11 UTC] PHP Warning:  Undefined variable $category_layout in C:\xampp\htdocs\newsblog\wp-content\themes\newsblog\archive.php on line 51
[31-Oct-2023 10:16:11 UTC] PHP Warning:  Undefined variable $category_layout in C:\xampp\htdocs\newsblog\wp-content\themes\newsblog\archive.php on line 53
[31-Oct-2023 10:16:28 UTC] PHP Warning:  Undefined variable $category_layout in C:\xampp\htdocs\newsblog\wp-content\themes\newsblog\archive.php on line 51
[31-Oct-2023 10:16:28 UTC] PHP Warning:  Undefined variable $category_layout in C:\xampp\htdocs\newsblog\wp-content\themes\newsblog\archive.php on line 53
[31-Oct-2023 10:16:28 UTC] PHP Warning:  Undefined variable $category_layout in C:\xampp\htdocs\newsblog\wp-content\themes\newsblog\archive.php on line 51
[31-Oct-2023 10:16:28 UTC] PHP Warning:  Undefined variable $category_layout in C:\xampp\htdocs\newsblog\wp-content\themes\newsblog\archive.php on line 53
[31-Oct-2023 10:16:28 UTC] PHP Warning:  Undefined variable $category_layout in C:\xampp\htdocs\newsblog\wp-content\themes\newsblog\archive.php on line 51
[31-Oct-2023 10:16:28 UTC] PHP Warning:  Undefined variable $category_layout in C:\xampp\htdocs\newsblog\wp-content\themes\newsblog\archive.php on line 53
[31-Oct-2023 10:16:28 UTC] PHP Warning:  Undefined variable $category_layout in C:\xampp\htdocs\newsblog\wp-content\themes\newsblog\archive.php on line 51
[31-Oct-2023 10:16:28 UTC] PHP Warning:  Undefined variable $category_layout in C:\xampp\htdocs\newsblog\wp-content\themes\newsblog\archive.php on line 53
[31-Oct-2023 10:16:30 UTC] PHP Warning:  Undefined variable $category_layout in C:\xampp\htdocs\newsblog\wp-content\themes\newsblog\archive.php on line 51
[31-Oct-2023 10:16:30 UTC] PHP Warning:  Undefined variable $category_layout in C:\xampp\htdocs\newsblog\wp-content\themes\newsblog\archive.php on line 53
[31-Oct-2023 10:16:30 UTC] PHP Warning:  Undefined variable $category_layout in C:\xampp\htdocs\newsblog\wp-content\themes\newsblog\archive.php on line 51
[31-Oct-2023 10:16:30 UTC] PHP Warning:  Undefined variable $category_layout in C:\xampp\htdocs\newsblog\wp-content\themes\newsblog\archive.php on line 53
[31-Oct-2023 10:16:30 UTC] PHP Warning:  Undefined variable $category_layout in C:\xampp\htdocs\newsblog\wp-content\themes\newsblog\archive.php on line 51
[31-Oct-2023 10:16:30 UTC] PHP Warning:  Undefined variable $category_layout in C:\xampp\htdocs\newsblog\wp-content\themes\newsblog\archive.php on line 53
[31-Oct-2023 10:16:30 UTC] PHP Warning:  Undefined variable $category_layout in C:\xampp\htdocs\newsblog\wp-content\themes\newsblog\archive.php on line 51
[31-Oct-2023 10:16:30 UTC] PHP Warning:  Undefined variable $category_layout in C:\xampp\htdocs\newsblog\wp-content\themes\newsblog\archive.php on line 53
[31-Oct-2023 10:16:32 UTC] PHP Warning:  Undefined variable $category_layout in C:\xampp\htdocs\newsblog\wp-content\themes\newsblog\archive.php on line 51
[31-Oct-2023 10:16:32 UTC] PHP Warning:  Undefined variable $category_layout in C:\xampp\htdocs\newsblog\wp-content\themes\newsblog\archive.php on line 53
[31-Oct-2023 10:16:32 UTC] PHP Warning:  Undefined variable $category_layout in C:\xampp\htdocs\newsblog\wp-content\themes\newsblog\archive.php on line 51
[31-Oct-2023 10:16:32 UTC] PHP Warning:  Undefined variable $category_layout in C:\xampp\htdocs\newsblog\wp-content\themes\newsblog\archive.php on line 53
[31-Oct-2023 10:16:32 UTC] PHP Warning:  Undefined variable $category_layout in C:\xampp\htdocs\newsblog\wp-content\themes\newsblog\archive.php on line 51
[31-Oct-2023 10:16:32 UTC] PHP Warning:  Undefined variable $category_layout in C:\xampp\htdocs\newsblog\wp-content\themes\newsblog\archive.php on line 53
[31-Oct-2023 10:16:32 UTC] PHP Warning:  Undefined variable $category_layout in C:\xampp\htdocs\newsblog\wp-content\themes\newsblog\archive.php on line 51
[31-Oct-2023 10:16:32 UTC] PHP Warning:  Undefined variable $category_layout in C:\xampp\htdocs\newsblog\wp-content\themes\newsblog\archive.php on line 53
[31-Oct-2023 10:17:05 UTC] PHP Warning:  Undefined variable $category_layout in C:\xampp\htdocs\newsblog\wp-content\themes\newsblog\archive.php on line 51
[31-Oct-2023 10:17:05 UTC] PHP Warning:  Undefined variable $category_layout in C:\xampp\htdocs\newsblog\wp-content\themes\newsblog\archive.php on line 53
[31-Oct-2023 10:17:05 UTC] PHP Warning:  Undefined variable $category_layout in C:\xampp\htdocs\newsblog\wp-content\themes\newsblog\archive.php on line 51
[31-Oct-2023 10:17:05 UTC] PHP Warning:  Undefined variable $category_layout in C:\xampp\htdocs\newsblog\wp-content\themes\newsblog\archive.php on line 53
[31-Oct-2023 10:17:05 UTC] PHP Warning:  Undefined variable $category_layout in C:\xampp\htdocs\newsblog\wp-content\themes\newsblog\archive.php on line 51
[31-Oct-2023 10:17:05 UTC] PHP Warning:  Undefined variable $category_layout in C:\xampp\htdocs\newsblog\wp-content\themes\newsblog\archive.php on line 53
[31-Oct-2023 10:17:05 UTC] PHP Warning:  Undefined variable $category_layout in C:\xampp\htdocs\newsblog\wp-content\themes\newsblog\archive.php on line 51
[31-Oct-2023 10:17:05 UTC] PHP Warning:  Undefined variable $category_layout in C:\xampp\htdocs\newsblog\wp-content\themes\newsblog\archive.php on line 53
[31-Oct-2023 10:17:13 UTC] PHP Warning:  Undefined variable $category_layout in C:\xampp\htdocs\newsblog\wp-content\themes\newsblog\archive.php on line 51
[31-Oct-2023 10:17:13 UTC] PHP Warning:  Undefined variable $category_layout in C:\xampp\htdocs\newsblog\wp-content\themes\newsblog\archive.php on line 53
[31-Oct-2023 10:17:13 UTC] PHP Warning:  Undefined variable $category_layout in C:\xampp\htdocs\newsblog\wp-content\themes\newsblog\archive.php on line 51
[31-Oct-2023 10:17:13 UTC] PHP Warning:  Undefined variable $category_layout in C:\xampp\htdocs\newsblog\wp-content\themes\newsblog\archive.php on line 53
[31-Oct-2023 10:17:13 UTC] PHP Warning:  Undefined variable $category_layout in C:\xampp\htdocs\newsblog\wp-content\themes\newsblog\archive.php on line 51
[31-Oct-2023 10:17:13 UTC] PHP Warning:  Undefined variable $category_layout in C:\xampp\htdocs\newsblog\wp-content\themes\newsblog\archive.php on line 53
[31-Oct-2023 10:17:13 UTC] PHP Warning:  Undefined variable $category_layout in C:\xampp\htdocs\newsblog\wp-content\themes\newsblog\archive.php on line 51
[31-Oct-2023 10:17:13 UTC] PHP Warning:  Undefined variable $category_layout in C:\xampp\htdocs\newsblog\wp-content\themes\newsblog\archive.php on line 53
[31-Oct-2023 10:24:05 UTC] PHP Warning:  Undefined variable $category_layout in C:\xampp\htdocs\newsblog\wp-content\themes\newsblog\template-parts\content-big.php on line 13
[31-Oct-2023 10:24:05 UTC] PHP Warning:  Undefined variable $category_layout in C:\xampp\htdocs\newsblog\wp-content\themes\newsblog\template-parts\content-big.php on line 13
[31-Oct-2023 10:24:05 UTC] PHP Warning:  Undefined variable $category_layout in C:\xampp\htdocs\newsblog\wp-content\themes\newsblog\template-parts\content-big.php on line 13
[31-Oct-2023 10:27:50 UTC] PHP Warning:  Undefined variable $image_size in C:\xampp\htdocs\newsblog\wp-content\themes\newsblog\archive.php on line 52
[31-Oct-2023 10:27:50 UTC] PHP Warning:  Undefined variable $image_size in C:\xampp\htdocs\newsblog\wp-content\themes\newsblog\archive.php on line 54
[31-Oct-2023 10:27:50 UTC] PHP Warning:  Undefined variable $ in C:\xampp\htdocs\newsblog\wp-content\themes\newsblog\archive.php on line 54
[31-Oct-2023 10:27:50 UTC] PHP Warning:  Undefined variable $image_size in C:\xampp\htdocs\newsblog\wp-content\themes\newsblog\archive.php on line 52
[31-Oct-2023 10:27:50 UTC] PHP Warning:  Undefined variable $image_size in C:\xampp\htdocs\newsblog\wp-content\themes\newsblog\archive.php on line 54
[31-Oct-2023 10:27:50 UTC] PHP Warning:  Undefined variable $ in C:\xampp\htdocs\newsblog\wp-content\themes\newsblog\archive.php on line 54
[31-Oct-2023 10:27:50 UTC] PHP Warning:  Undefined variable $image_size in C:\xampp\htdocs\newsblog\wp-content\themes\newsblog\archive.php on line 52
[31-Oct-2023 10:27:50 UTC] PHP Warning:  Undefined variable $image_size in C:\xampp\htdocs\newsblog\wp-content\themes\newsblog\archive.php on line 54
[31-Oct-2023 10:27:50 UTC] PHP Warning:  Undefined variable $ in C:\xampp\htdocs\newsblog\wp-content\themes\newsblog\archive.php on line 54
[31-Oct-2023 10:27:53 UTC] PHP Warning:  Undefined variable $image_size in C:\xampp\htdocs\newsblog\wp-content\themes\newsblog\archive.php on line 52
[31-Oct-2023 10:27:53 UTC] PHP Warning:  Undefined variable $image_size in C:\xampp\htdocs\newsblog\wp-content\themes\newsblog\archive.php on line 54
[31-Oct-2023 10:27:54 UTC] PHP Warning:  Undefined variable $ in C:\xampp\htdocs\newsblog\wp-content\themes\newsblog\archive.php on line 54
[31-Oct-2023 10:27:54 UTC] PHP Warning:  Undefined variable $image_size in C:\xampp\htdocs\newsblog\wp-content\themes\newsblog\archive.php on line 52
[31-Oct-2023 10:27:54 UTC] PHP Warning:  Undefined variable $image_size in C:\xampp\htdocs\newsblog\wp-content\themes\newsblog\archive.php on line 54
[31-Oct-2023 10:27:54 UTC] PHP Warning:  Undefined variable $ in C:\xampp\htdocs\newsblog\wp-content\themes\newsblog\archive.php on line 54
[31-Oct-2023 10:27:54 UTC] PHP Warning:  Undefined variable $image_size in C:\xampp\htdocs\newsblog\wp-content\themes\newsblog\archive.php on line 52
[31-Oct-2023 10:27:54 UTC] PHP Warning:  Undefined variable $image_size in C:\xampp\htdocs\newsblog\wp-content\themes\newsblog\archive.php on line 54
[31-Oct-2023 10:27:54 UTC] PHP Warning:  Undefined variable $ in C:\xampp\htdocs\newsblog\wp-content\themes\newsblog\archive.php on line 54
[31-Oct-2023 10:28:15 UTC] PHP Warning:  Undefined variable $image_size in C:\xampp\htdocs\newsblog\wp-content\themes\newsblog\archive.php on line 52
[31-Oct-2023 10:28:15 UTC] PHP Warning:  Undefined variable $image_size in C:\xampp\htdocs\newsblog\wp-content\themes\newsblog\archive.php on line 54
[31-Oct-2023 10:28:15 UTC] PHP Warning:  Undefined variable $ in C:\xampp\htdocs\newsblog\wp-content\themes\newsblog\archive.php on line 54
[31-Oct-2023 10:28:15 UTC] PHP Warning:  Undefined variable $image_size in C:\xampp\htdocs\newsblog\wp-content\themes\newsblog\archive.php on line 52
[31-Oct-2023 10:28:15 UTC] PHP Warning:  Undefined variable $image_size in C:\xampp\htdocs\newsblog\wp-content\themes\newsblog\archive.php on line 54
[31-Oct-2023 10:28:15 UTC] PHP Warning:  Undefined variable $ in C:\xampp\htdocs\newsblog\wp-content\themes\newsblog\archive.php on line 54
[31-Oct-2023 10:28:15 UTC] PHP Warning:  Undefined variable $image_size in C:\xampp\htdocs\newsblog\wp-content\themes\newsblog\archive.php on line 52
[31-Oct-2023 10:28:15 UTC] PHP Warning:  Undefined variable $image_size in C:\xampp\htdocs\newsblog\wp-content\themes\newsblog\archive.php on line 54
[31-Oct-2023 10:28:15 UTC] PHP Warning:  Undefined variable $ in C:\xampp\htdocs\newsblog\wp-content\themes\newsblog\archive.php on line 54
[31-Oct-2023 10:30:03 UTC] PHP Warning:  Undefined variable $image_size in C:\xampp\htdocs\newsblog\wp-content\themes\newsblog\archive.php on line 60
[31-Oct-2023 10:30:03 UTC] PHP Warning:  Undefined variable $image_size in C:\xampp\htdocs\newsblog\wp-content\themes\newsblog\archive.php on line 62
[31-Oct-2023 10:30:03 UTC] PHP Warning:  Undefined variable $image_size in C:\xampp\htdocs\newsblog\wp-content\themes\newsblog\archive.php on line 60
[31-Oct-2023 10:30:03 UTC] PHP Warning:  Undefined variable $image_size in C:\xampp\htdocs\newsblog\wp-content\themes\newsblog\archive.php on line 62
[31-Oct-2023 10:30:03 UTC] PHP Warning:  Undefined variable $image_size in C:\xampp\htdocs\newsblog\wp-content\themes\newsblog\archive.php on line 60
[31-Oct-2023 10:30:03 UTC] PHP Warning:  Undefined variable $image_size in C:\xampp\htdocs\newsblog\wp-content\themes\newsblog\archive.php on line 62
[31-Oct-2023 10:31:48 UTC] PHP Warning:  Undefined variable $image_size in C:\xampp\htdocs\newsblog\wp-content\themes\newsblog\archive.php on line 60
[31-Oct-2023 10:31:48 UTC] PHP Warning:  Undefined variable $image_size in C:\xampp\htdocs\newsblog\wp-content\themes\newsblog\archive.php on line 62
[31-Oct-2023 10:31:48 UTC] PHP Warning:  Undefined variable $image_size in C:\xampp\htdocs\newsblog\wp-content\themes\newsblog\archive.php on line 60
[31-Oct-2023 10:31:48 UTC] PHP Warning:  Undefined variable $image_size in C:\xampp\htdocs\newsblog\wp-content\themes\newsblog\archive.php on line 62
[31-Oct-2023 10:31:48 UTC] PHP Warning:  Undefined variable $image_size in C:\xampp\htdocs\newsblog\wp-content\themes\newsblog\archive.php on line 60
[31-Oct-2023 10:31:48 UTC] PHP Warning:  Undefined variable $image_size in C:\xampp\htdocs\newsblog\wp-content\themes\newsblog\archive.php on line 62
[31-Oct-2023 10:35:26 UTC] PHP Warning:  Undefined variable $image_size in C:\xampp\htdocs\newsblog\wp-content\themes\newsblog\archive.php on line 60
[31-Oct-2023 10:35:26 UTC] PHP Warning:  Undefined variable $image_size in C:\xampp\htdocs\newsblog\wp-content\themes\newsblog\archive.php on line 62
[31-Oct-2023 10:35:26 UTC] PHP Warning:  Undefined variable $image_size in C:\xampp\htdocs\newsblog\wp-content\themes\newsblog\archive.php on line 60
[31-Oct-2023 10:35:26 UTC] PHP Warning:  Undefined variable $image_size in C:\xampp\htdocs\newsblog\wp-content\themes\newsblog\archive.php on line 62
[31-Oct-2023 10:35:26 UTC] PHP Warning:  Undefined variable $image_size in C:\xampp\htdocs\newsblog\wp-content\themes\newsblog\archive.php on line 60
[31-Oct-2023 10:35:26 UTC] PHP Warning:  Undefined variable $image_size in C:\xampp\htdocs\newsblog\wp-content\themes\newsblog\archive.php on line 62
[31-Oct-2023 10:37:12 UTC] PHP Warning:  Undefined variable $image_size in C:\xampp\htdocs\newsblog\wp-content\themes\newsblog\archive.php on line 60
[31-Oct-2023 10:37:12 UTC] PHP Warning:  Undefined variable $image_size in C:\xampp\htdocs\newsblog\wp-content\themes\newsblog\archive.php on line 62
[31-Oct-2023 10:37:12 UTC] PHP Warning:  Undefined variable $image_size in C:\xampp\htdocs\newsblog\wp-content\themes\newsblog\archive.php on line 60
[31-Oct-2023 10:37:12 UTC] PHP Warning:  Undefined variable $image_size in C:\xampp\htdocs\newsblog\wp-content\themes\newsblog\archive.php on line 62
[31-Oct-2023 10:37:12 UTC] PHP Warning:  Undefined variable $image_size in C:\xampp\htdocs\newsblog\wp-content\themes\newsblog\archive.php on line 60
[31-Oct-2023 10:37:12 UTC] PHP Warning:  Undefined variable $image_size in C:\xampp\htdocs\newsblog\wp-content\themes\newsblog\archive.php on line 62
[31-Oct-2023 10:37:17 UTC] PHP Warning:  Undefined variable $image_size in C:\xampp\htdocs\newsblog\wp-content\themes\newsblog\archive.php on line 60
[31-Oct-2023 10:37:17 UTC] PHP Warning:  Undefined variable $image_size in C:\xampp\htdocs\newsblog\wp-content\themes\newsblog\archive.php on line 62
[31-Oct-2023 10:37:17 UTC] PHP Warning:  Undefined variable $image_size in C:\xampp\htdocs\newsblog\wp-content\themes\newsblog\archive.php on line 60
[31-Oct-2023 10:37:17 UTC] PHP Warning:  Undefined variable $image_size in C:\xampp\htdocs\newsblog\wp-content\themes\newsblog\archive.php on line 62
[31-Oct-2023 10:37:17 UTC] PHP Warning:  Undefined variable $image_size in C:\xampp\htdocs\newsblog\wp-content\themes\newsblog\archive.php on line 60
[31-Oct-2023 10:37:17 UTC] PHP Warning:  Undefined variable $image_size in C:\xampp\htdocs\newsblog\wp-content\themes\newsblog\archive.php on line 62
[31-Oct-2023 10:37:17 UTC] PHP Warning:  Undefined variable $image_size in C:\xampp\htdocs\newsblog\wp-content\themes\newsblog\archive.php on line 60
[31-Oct-2023 10:37:17 UTC] PHP Warning:  Undefined variable $image_size in C:\xampp\htdocs\newsblog\wp-content\themes\newsblog\archive.php on line 62
[31-Oct-2023 10:37:19 UTC] PHP Warning:  Undefined variable $image_size in C:\xampp\htdocs\newsblog\wp-content\themes\newsblog\archive.php on line 60
[31-Oct-2023 10:37:19 UTC] PHP Warning:  Undefined variable $image_size in C:\xampp\htdocs\newsblog\wp-content\themes\newsblog\archive.php on line 62
[31-Oct-2023 10:37:19 UTC] PHP Warning:  Undefined variable $image_size in C:\xampp\htdocs\newsblog\wp-content\themes\newsblog\archive.php on line 60
[31-Oct-2023 10:37:19 UTC] PHP Warning:  Undefined variable $image_size in C:\xampp\htdocs\newsblog\wp-content\themes\newsblog\archive.php on line 62
[31-Oct-2023 10:37:19 UTC] PHP Warning:  Undefined variable $image_size in C:\xampp\htdocs\newsblog\wp-content\themes\newsblog\archive.php on line 60
[31-Oct-2023 10:37:19 UTC] PHP Warning:  Undefined variable $image_size in C:\xampp\htdocs\newsblog\wp-content\themes\newsblog\archive.php on line 62
[31-Oct-2023 10:38:35 UTC] PHP Warning:  Undefined variable $image_size in C:\xampp\htdocs\newsblog\wp-content\themes\newsblog\archive.php on line 60
[31-Oct-2023 10:38:35 UTC] PHP Warning:  Undefined variable $image_size in C:\xampp\htdocs\newsblog\wp-content\themes\newsblog\archive.php on line 62
[31-Oct-2023 10:38:35 UTC] PHP Warning:  Undefined variable $image_size in C:\xampp\htdocs\newsblog\wp-content\themes\newsblog\archive.php on line 60
[31-Oct-2023 10:38:35 UTC] PHP Warning:  Undefined variable $image_size in C:\xampp\htdocs\newsblog\wp-content\themes\newsblog\archive.php on line 62
[31-Oct-2023 10:38:35 UTC] PHP Warning:  Undefined variable $image_size in C:\xampp\htdocs\newsblog\wp-content\themes\newsblog\archive.php on line 60
[31-Oct-2023 10:38:35 UTC] PHP Warning:  Undefined variable $image_size in C:\xampp\htdocs\newsblog\wp-content\themes\newsblog\archive.php on line 62
[31-Oct-2023 10:38:35 UTC] PHP Warning:  Undefined variable $image_size in C:\xampp\htdocs\newsblog\wp-content\themes\newsblog\archive.php on line 60
[31-Oct-2023 10:38:35 UTC] PHP Warning:  Undefined variable $image_size in C:\xampp\htdocs\newsblog\wp-content\themes\newsblog\archive.php on line 62
[31-Oct-2023 10:38:35 UTC] PHP Warning:  Undefined variable $image_size in C:\xampp\htdocs\newsblog\wp-content\themes\newsblog\archive.php on line 60
[31-Oct-2023 10:38:35 UTC] PHP Warning:  Undefined variable $image_size in C:\xampp\htdocs\newsblog\wp-content\themes\newsblog\archive.php on line 62
[31-Oct-2023 10:38:35 UTC] PHP Warning:  Undefined variable $image_size in C:\xampp\htdocs\newsblog\wp-content\themes\newsblog\archive.php on line 60
[31-Oct-2023 10:38:35 UTC] PHP Warning:  Undefined variable $image_size in C:\xampp\htdocs\newsblog\wp-content\themes\newsblog\archive.php on line 62
[31-Oct-2023 10:39:10 UTC] PHP Warning:  Undefined variable $image_size in C:\xampp\htdocs\newsblog\wp-content\themes\newsblog\archive.php on line 60
[31-Oct-2023 10:39:10 UTC] PHP Warning:  Undefined variable $image_size in C:\xampp\htdocs\newsblog\wp-content\themes\newsblog\archive.php on line 62
[31-Oct-2023 10:39:10 UTC] PHP Warning:  Undefined variable $image_size in C:\xampp\htdocs\newsblog\wp-content\themes\newsblog\archive.php on line 60
[31-Oct-2023 10:39:10 UTC] PHP Warning:  Undefined variable $image_size in C:\xampp\htdocs\newsblog\wp-content\themes\newsblog\archive.php on line 62
[31-Oct-2023 10:39:10 UTC] PHP Warning:  Undefined variable $image_size in C:\xampp\htdocs\newsblog\wp-content\themes\newsblog\archive.php on line 60
[31-Oct-2023 10:39:10 UTC] PHP Warning:  Undefined variable $image_size in C:\xampp\htdocs\newsblog\wp-content\themes\newsblog\archive.php on line 62
[31-Oct-2023 10:39:11 UTC] PHP Warning:  Undefined variable $image_size in C:\xampp\htdocs\newsblog\wp-content\themes\newsblog\archive.php on line 60
[31-Oct-2023 10:39:11 UTC] PHP Warning:  Undefined variable $image_size in C:\xampp\htdocs\newsblog\wp-content\themes\newsblog\archive.php on line 62
[31-Oct-2023 10:39:11 UTC] PHP Warning:  Undefined variable $image_size in C:\xampp\htdocs\newsblog\wp-content\themes\newsblog\archive.php on line 60
[31-Oct-2023 10:39:11 UTC] PHP Warning:  Undefined variable $image_size in C:\xampp\htdocs\newsblog\wp-content\themes\newsblog\archive.php on line 62
[31-Oct-2023 10:39:11 UTC] PHP Warning:  Undefined variable $image_size in C:\xampp\htdocs\newsblog\wp-content\themes\newsblog\archive.php on line 60
[31-Oct-2023 10:39:11 UTC] PHP Warning:  Undefined variable $image_size in C:\xampp\htdocs\newsblog\wp-content\themes\newsblog\archive.php on line 62
[31-Oct-2023 10:39:15 UTC] PHP Warning:  Undefined variable $image_size in C:\xampp\htdocs\newsblog\wp-content\themes\newsblog\archive.php on line 60
[31-Oct-2023 10:39:15 UTC] PHP Warning:  Undefined variable $image_size in C:\xampp\htdocs\newsblog\wp-content\themes\newsblog\archive.php on line 62
[31-Oct-2023 10:39:15 UTC] PHP Warning:  Undefined variable $image_size in C:\xampp\htdocs\newsblog\wp-content\themes\newsblog\archive.php on line 60
[31-Oct-2023 10:39:15 UTC] PHP Warning:  Undefined variable $image_size in C:\xampp\htdocs\newsblog\wp-content\themes\newsblog\archive.php on line 62
[31-Oct-2023 10:39:15 UTC] PHP Warning:  Undefined variable $image_size in C:\xampp\htdocs\newsblog\wp-content\themes\newsblog\archive.php on line 60
[31-Oct-2023 10:39:15 UTC] PHP Warning:  Undefined variable $image_size in C:\xampp\htdocs\newsblog\wp-content\themes\newsblog\archive.php on line 62
[31-Oct-2023 10:39:15 UTC] PHP Warning:  Undefined variable $image_size in C:\xampp\htdocs\newsblog\wp-content\themes\newsblog\archive.php on line 60
[31-Oct-2023 10:39:15 UTC] PHP Warning:  Undefined variable $image_size in C:\xampp\htdocs\newsblog\wp-content\themes\newsblog\archive.php on line 62
[31-Oct-2023 10:39:22 UTC] PHP Warning:  Undefined variable $image_size in C:\xampp\htdocs\newsblog\wp-content\themes\newsblog\archive.php on line 60
[31-Oct-2023 10:39:22 UTC] PHP Warning:  Undefined variable $image_size in C:\xampp\htdocs\newsblog\wp-content\themes\newsblog\archive.php on line 62
[31-Oct-2023 10:39:22 UTC] PHP Warning:  Undefined variable $image_size in C:\xampp\htdocs\newsblog\wp-content\themes\newsblog\archive.php on line 60
[31-Oct-2023 10:39:22 UTC] PHP Warning:  Undefined variable $image_size in C:\xampp\htdocs\newsblog\wp-content\themes\newsblog\archive.php on line 62
[31-Oct-2023 10:39:22 UTC] PHP Warning:  Undefined variable $image_size in C:\xampp\htdocs\newsblog\wp-content\themes\newsblog\archive.php on line 60
[31-Oct-2023 10:39:22 UTC] PHP Warning:  Undefined variable $image_size in C:\xampp\htdocs\newsblog\wp-content\themes\newsblog\archive.php on line 62
